<?xml version="1.0" encoding="UTF-8"?><testsuite failures="1" name="cucumber.runtime.formatter.JUnitFormatter" skipped="0" tests="1" time="32.705788">
<testcase classname="Deal data creation" name="Free CRM Create a new deal scenario" time="32.705788">
<failure message="org.openqa.selenium.NoSuchElementException: no such element: Unable to locate element: {&quot;method&quot;:&quot;css selector&quot;,&quot;selector&quot;:&quot;*[name='username']&quot;}&#10;  (Session info: chrome=78.0.3904.70)&#10;For documentation on this error, please visit: http://seleniumhq.org/exceptions/no_such_element.html&#10;Build info: version: '3.5.3', revision: 'a88d25fe6b', time: '2017-08-29T12:42:44.417Z'&#10;System info: host: 'Amruthas-MacBook-Air.local', ip: '2601:641:400:c400:0:0:0:92c0%en0', os.name: 'Mac OS X', os.arch: 'x86_64', os.version: '10.14', java.version: '1.8.0_162'&#10;Driver info: org.openqa.selenium.chrome.ChromeDriver&#10;Capabilities [{networkConnectionEnabled=false, chrome={chromedriverVersion=77.0.3865.40 (f484704e052e0b556f8030b65b953dce96503217-refs/branch-heads/3865@{#442}), userDataDir=/var/folders/l6/8w2g89m50vbcb05z_pwc8f7w0000gn/T/.com.google.Chrome.AVbmQJ}, timeouts={implicit=0, pageLoad=300000, script=30000}, pageLoadStrategy=normal, unhandledPromptBehavior=dismiss and notify, strictFileInteractability=false, platform=MAC, proxy=Proxy(), goog:chromeOptions={debuggerAddress=localhost:49152}, acceptInsecureCerts=false, browserVersion=78.0.3904.70, browserName=chrome, javascriptEnabled=true, platformName=MAC, setWindowRect=true}]&#10;Session ID: 1ce907ef8603dbbd6699800777771137&#10;*** Element info: {Using=name, value=username}&#10;&#9;at sun.reflect.NativeConstructorAccessorImpl.newInstance0(Native Method)&#10;&#9;at sun.reflect.NativeConstructorAccessorImpl.newInstance(NativeConstructorAccessorImpl.java:62)&#10;&#9;at sun.reflect.DelegatingConstructorAccessorImpl.newInstance(DelegatingConstructorAccessorImpl.java:45)&#10;&#9;at java.lang.reflect.Constructor.newInstance(Constructor.java:423)&#10;&#9;at org.openqa.selenium.remote.http.W3CHttpResponseCodec.createException(W3CHttpResponseCodec.java:185)&#10;&#9;at org.openqa.selenium.remote.http.W3CHttpResponseCodec.decode(W3CHttpResponseCodec.java:120)&#10;&#9;at org.openqa.selenium.remote.http.W3CHttpResponseCodec.decode(W3CHttpResponseCodec.java:49)&#10;&#9;at org.openqa.selenium.remote.HttpCommandExecutor.execute(HttpCommandExecutor.java:164)&#10;&#9;at org.openqa.selenium.remote.service.DriverCommandExecutor.execute(DriverCommandExecutor.java:82)&#10;&#9;at org.openqa.selenium.remote.RemoteWebDriver.execute(RemoteWebDriver.java:646)&#10;&#9;at org.openqa.selenium.remote.RemoteWebDriver.findElement(RemoteWebDriver.java:416)&#10;&#9;at org.openqa.selenium.remote.RemoteWebDriver.findElementByName(RemoteWebDriver.java:494)&#10;&#9;at org.openqa.selenium.By$ByName.findElement(By.java:303)&#10;&#9;at org.openqa.selenium.remote.RemoteWebDriver.findElement(RemoteWebDriver.java:408)&#10;&#9;at StepDefinitions.DealStepDefinition.user_enters_username_and_password(DealStepDefinition.java:47)&#10;&#9;at ✽.Then user enters username and password(/Users/amruthapenigalapati/eclipse-workspace/corejava/src/Basic_java/FreeCRMBDDFramework/src/main/java/Features/deals.feature:7)&#10;"><![CDATA[Given user is on Login Page.................................................passed
When title of login page free_crm...........................................passed
Then user enters username and password......................................failed
Then user click on login button.............................................skipped
Then user on home page......................................................skipped
Then user moves to new deal page............................................skipped
Then user enters deal details...............................................skipped
Then browser close..........................................................skipped

StackTrace:
org.openqa.selenium.NoSuchElementException: no such element: Unable to locate element: {"method":"css selector","selector":"*[name='username']"}
  (Session info: chrome=78.0.3904.70)
For documentation on this error, please visit: http://seleniumhq.org/exceptions/no_such_element.html
Build info: version: '3.5.3', revision: 'a88d25fe6b', time: '2017-08-29T12:42:44.417Z'
System info: host: 'Amruthas-MacBook-Air.local', ip: '2601:641:400:c400:0:0:0:92c0%en0', os.name: 'Mac OS X', os.arch: 'x86_64', os.version: '10.14', java.version: '1.8.0_162'
Driver info: org.openqa.selenium.chrome.ChromeDriver
Capabilities [{networkConnectionEnabled=false, chrome={chromedriverVersion=77.0.3865.40 (f484704e052e0b556f8030b65b953dce96503217-refs/branch-heads/3865@{#442}), userDataDir=/var/folders/l6/8w2g89m50vbcb05z_pwc8f7w0000gn/T/.com.google.Chrome.AVbmQJ}, timeouts={implicit=0, pageLoad=300000, script=30000}, pageLoadStrategy=normal, unhandledPromptBehavior=dismiss and notify, strictFileInteractability=false, platform=MAC, proxy=Proxy(), goog:chromeOptions={debuggerAddress=localhost:49152}, acceptInsecureCerts=false, browserVersion=78.0.3904.70, browserName=chrome, javascriptEnabled=true, platformName=MAC, setWindowRect=true}]
Session ID: 1ce907ef8603dbbd6699800777771137
*** Element info: {Using=name, value=username}
	at sun.reflect.NativeConstructorAccessorImpl.newInstance0(Native Method)
	at sun.reflect.NativeConstructorAccessorImpl.newInstance(NativeConstructorAccessorImpl.java:62)
	at sun.reflect.DelegatingConstructorAccessorImpl.newInstance(DelegatingConstructorAccessorImpl.java:45)
	at java.lang.reflect.Constructor.newInstance(Constructor.java:423)
	at org.openqa.selenium.remote.http.W3CHttpResponseCodec.createException(W3CHttpResponseCodec.java:185)
	at org.openqa.selenium.remote.http.W3CHttpResponseCodec.decode(W3CHttpResponseCodec.java:120)
	at org.openqa.selenium.remote.http.W3CHttpResponseCodec.decode(W3CHttpResponseCodec.java:49)
	at org.openqa.selenium.remote.HttpCommandExecutor.execute(HttpCommandExecutor.java:164)
	at org.openqa.selenium.remote.service.DriverCommandExecutor.execute(DriverCommandExecutor.java:82)
	at org.openqa.selenium.remote.RemoteWebDriver.execute(RemoteWebDriver.java:646)
	at org.openqa.selenium.remote.RemoteWebDriver.findElement(RemoteWebDriver.java:416)
	at org.openqa.selenium.remote.RemoteWebDriver.findElementByName(RemoteWebDriver.java:494)
	at org.openqa.selenium.By$ByName.findElement(By.java:303)
	at org.openqa.selenium.remote.RemoteWebDriver.findElement(RemoteWebDriver.java:408)
	at StepDefinitions.DealStepDefinition.user_enters_username_and_password(DealStepDefinition.java:47)
	at ✽.Then user enters username and password(/Users/amruthapenigalapati/eclipse-workspace/corejava/src/Basic_java/FreeCRMBDDFramework/src/main/java/Features/deals.feature:7)
]]></failure>
</testcase>
</testsuite>
